Started GET "/" for ::1 at 2024-11-27 16:28:01 +0530
Processing by ChatroomController#index as HTML
  Rendering layout layouts/application.html.erb
  Rendering chatroom/index.html.erb within layouts/application
  Rendered chatroom/index.html.erb within layouts/application (Duration: 4.1ms | Allocations: 486)
  Rendered layout layouts/application.html.erb (Duration: 569.7ms | Allocations: 84739)
Completed 200 OK in 645ms (Views: 587.6ms | ActiveRecord: 0.0ms | Allocations: 92345)


Started GET "/" for ::1 at 2024-11-27 16:35:54 +0530
Processing by ChatroomController#index as HTML
  Rendering layout layouts/application.html.erb
  Rendering chatroom/index.html.erb within layouts/application
  Rendered chatroom/index.html.erb within layouts/application (Duration: 5.3ms | Allocations: 325)
  Rendered layout layouts/application.html.erb (Duration: 4909.1ms | Allocations: 196249)
Completed 200 OK in 4988ms (Views: 4933.6ms | ActiveRecord: 0.0ms | Allocations: 200774)


Started GET "/" for ::1 at 2024-11-27 16:36:46 +0530
Processing by ChatroomController#index as HTML
  Rendering layout layouts/application.html.erb
  Rendering chatroom/index.html.erb within layouts/application
  Rendered chatroom/index.html.erb within layouts/application (Duration: 2.0ms | Allocations: 107)
  Rendered layout layouts/application.html.erb (Duration: 69.9ms | Allocations: 6725)
Completed 200 OK in 92ms (Views: 85.3ms | ActiveRecord: 0.0ms | Allocations: 7570)


Started GET "/" for ::1 at 2024-11-27 16:38:09 +0530
Processing by ChatroomController#index as HTML
  Rendering layout layouts/application.html.erb
  Rendering chatroom/index.html.erb within layouts/application
  Rendered chatroom/index.html.erb within layouts/application (Duration: 2.0ms | Allocations: 107)
  Rendered layout layouts/application.html.erb (Duration: 56.7ms | Allocations: 6693)
Completed 200 OK in 79ms (Views: 72.5ms | ActiveRecord: 0.0ms | Allocations: 7539)


Started GET "/" for ::1 at 2024-11-27 16:38:48 +0530
Processing by ChatroomController#index as HTML
  Rendering layout layouts/application.html.erb
  Rendering chatroom/index.html.erb within layouts/application
  Rendered chatroom/index.html.erb within layouts/application (Duration: 1.8ms | Allocations: 102)
  Rendered layout layouts/application.html.erb (Duration: 297.8ms | Allocations: 15956)
Completed 500 Internal Server Error in 318ms (ActiveRecord: 0.0ms | Allocations: 16805)


  
ActionView::Template::Error (Missing partial chatroom/_navigation, application/_navigation with {:locale=>[:en], :formats=>[:html], :variants=>[], :handlers=>[:raw, :erb, :html, :builder, :ruby, :jbuilder]}.

Searched in:
  * "D:/Paritosh/ruby/chatting-app-6/app/views"
  * "C:/Ruby33-x64/lib/ruby/gems/3.3.0/gems/turbo-rails-2.0.11/app/views"
  * "C:/Ruby33-x64/lib/ruby/gems/3.3.0/gems/semantic-ui-sass-2.4.4.0/app/views"
  * "C:/Ruby33-x64/lib/ruby/gems/3.3.0/gems/actiontext-7.0.8.6/app/views"
  * "C:/Ruby33-x64/lib/ruby/gems/3.3.0/gems/actionmailbox-7.0.8.6/app/views"
):
    11:   </head>
    12: 
    13:   <body>
    14:     <%=render 'navigation' %>
    15:     <%= yield %>
    16:   </body>
    17: </html>
  
app/views/layouts/application.html.erb:14
Started GET "/" for ::1 at 2024-11-27 16:39:06 +0530
Processing by ChatroomController#index as HTML
  Rendering layout layouts/application.html.erb
  Rendering chatroom/index.html.erb within layouts/application
  Rendered chatroom/index.html.erb within layouts/application (Duration: 0.1ms | Allocations: 7)
  Rendered layout layouts/application.html.erb (Duration: 49.1ms | Allocations: 7370)
Completed 500 Internal Server Error in 55ms (ActiveRecord: 0.0ms | Allocations: 7631)


  
ActionView::Template::Error (Missing partial chatroom/_navigation, application/_navigation with {:locale=>[:en], :formats=>[:html], :variants=>[], :handlers=>[:raw, :erb, :html, :builder, :ruby, :jbuilder]}.

Searched in:
  * "D:/Paritosh/ruby/chatting-app-6/app/views"
  * "C:/Ruby33-x64/lib/ruby/gems/3.3.0/gems/turbo-rails-2.0.11/app/views"
  * "C:/Ruby33-x64/lib/ruby/gems/3.3.0/gems/semantic-ui-sass-2.4.4.0/app/views"
  * "C:/Ruby33-x64/lib/ruby/gems/3.3.0/gems/actiontext-7.0.8.6/app/views"
  * "C:/Ruby33-x64/lib/ruby/gems/3.3.0/gems/actionmailbox-7.0.8.6/app/views"
):
    11:   </head>
    12: 
    13:   <body>
    14:     <%=render 'navigation' %>
    15:     <%= yield %>
    16:   </body>
    17: </html>
  
app/views/layouts/application.html.erb:14
Started GET "/" for ::1 at 2024-11-27 16:39:35 +0530
Processing by ChatroomController#index as HTML
  Rendering layout layouts/application.html.erb
  Rendering chatroom/index.html.erb within layouts/application
  Rendered chatroom/index.html.erb within layouts/application (Duration: 1.6ms | Allocations: 102)
  Rendered layout layouts/application.html.erb (Duration: 55.7ms | Allocations: 7630)
Completed 500 Internal Server Error in 76ms (ActiveRecord: 0.0ms | Allocations: 8454)


  
ActionView::Template::Error (undefined local variable or method `navigation' for an instance of #<Class:0x000001b9433cea80>):
    11:   </head>
    12: 
    13:   <body>
    14:     <%=render navigation %>
    15:     <%= yield %>
    16:   </body>
    17: </html>
  
app/views/layouts/application.html.erb:14
Started GET "/" for ::1 at 2024-11-27 16:40:05 +0530
Processing by ChatroomController#index as HTML
  Rendering layout layouts/application.html.erb
  Rendering chatroom/index.html.erb within layouts/application
  Rendered chatroom/index.html.erb within layouts/application (Duration: 1.5ms | Allocations: 102)
  Rendered layouts/_navigation.html.erb (Duration: 1.4ms | Allocations: 124)
  Rendered layout layouts/application.html.erb (Duration: 66.3ms | Allocations: 6962)
Completed 200 OK in 88ms (Views: 82.1ms | ActiveRecord: 0.0ms | Allocations: 7806)


Started GET "/" for ::1 at 2024-11-27 16:40:48 +0530
Processing by ChatroomController#index as HTML
  Rendering layout layouts/application.html.erb
  Rendering chatroom/index.html.erb within layouts/application
  Rendered chatroom/index.html.erb within layouts/application (Duration: 1.3ms | Allocations: 102)
  Rendered layouts/_navigation.html.erb (Duration: 2.8ms | Allocations: 1422)
  Rendered layout layouts/application.html.erb (Duration: 60.0ms | Allocations: 8256)
Completed 500 Internal Server Error in 79ms (ActiveRecord: 0.0ms | Allocations: 9084)


  
ActionView::Template::Error (undefined method `logged_in?' for an instance of #<Class:0x000001b9433caca0>):
     8:       <div class="ui dropdown item">
     9:         Account <i class="dropdown icon"></i>
    10:         <div class="menu">
    11:           <% if logged_in? %>
    12:             <%=link_to 'Logout', logout_path, class: 'item', method: :delete%>
    13:           <%end %>
    14:           <% if !logged_in? %>
  
app/views/layouts/_navigation.html.erb:11
app/views/layouts/application.html.erb:14
Started GET "/" for ::1 at 2024-11-27 16:51:46 +0530
Processing by ChatroomController#index as HTML
  Rendering layout layouts/application.html.erb
  Rendering chatroom/index.html.erb within layouts/application
  Rendered chatroom/index.html.erb within layouts/application (Duration: 2.9ms | Allocations: 325)
  Rendered layouts/_navigation.html.erb (Duration: 4.7ms | Allocations: 1836)
  Rendered layout layouts/application.html.erb (Duration: 178.3ms | Allocations: 58361)
Completed 500 Internal Server Error in 219ms (ActiveRecord: 0.0ms | Allocations: 62849)


  
ActionView::Template::Error (undefined method `logged_in?' for an instance of #<Class:0x000001d935310500>):
     8:       <div class="ui dropdown item">
     9:         Account <i class="dropdown icon"></i>
    10:         <div class="menu">
    11:           <% if logged_in? %>
    12:             <%=link_to 'Logout', logout_path, class: 'item', method: :delete%>
    13:           <%end %>
    14:           <% if !logged_in? %>
  
app/views/layouts/_navigation.html.erb:11
app/views/layouts/application.html.erb:14
Started GET "/" for ::1 at 2024-11-27 16:52:19 +0530
Processing by ChatroomController#index as HTML
  Rendering layout layouts/application.html.erb
  Rendering chatroom/index.html.erb within layouts/application
  Rendered chatroom/index.html.erb within layouts/application (Duration: 1.5ms | Allocations: 102)
  Rendered layouts/_navigation.html.erb (Duration: 3.0ms | Allocations: 1381)
  Rendered layout layouts/application.html.erb (Duration: 61.7ms | Allocations: 8566)
Completed 500 Internal Server Error in 83ms (ActiveRecord: 0.0ms | Allocations: 9393)


  
ActionView::Template::Error (undefined local variable or method `logout_path' for an instance of #<Class:0x000001d933a8de88>):
     9:         Account <i class="dropdown icon"></i>
    10:         <div class="menu">
    11:          <!-- <%# if logged_in? %>-->
    12:             <%=link_to 'Logout', logout_path, class: 'item', method: :delete%>
    13:         <!--  <%#end %>-->
    14:         <!--  <%# if !logged_in? %>-->
    15:             <%=link_to 'Login', login_path, class: 'item' %>
  
app/views/layouts/_navigation.html.erb:12
app/views/layouts/application.html.erb:14
Started GET "/" for ::1 at 2024-11-27 16:52:38 +0530
Processing by ChatroomController#index as HTML
  Rendering layout layouts/application.html.erb
  Rendering chatroom/index.html.erb within layouts/application
  Rendered chatroom/index.html.erb within layouts/application (Duration: 2.2ms | Allocations: 102)
  Rendered layouts/_navigation.html.erb (Duration: 3.5ms | Allocations: 1367)
  Rendered layout layouts/application.html.erb (Duration: 72.4ms | Allocations: 8550)
Completed 500 Internal Server Error in 98ms (ActiveRecord: 0.0ms | Allocations: 9376)


  
ActionView::Template::Error (undefined local variable or method `login_path' for an instance of #<Class:0x000001d9353124e0>):
    12:           <!--  <%#=link_to 'Logout', logout_path, class: 'item', method: :delete%>-->
    13:         <!--  <%#end %>-->
    14:         <!--  <%# if !logged_in? %>-->
    15:             <%=link_to 'Login', login_path, class: 'item' %>
    16:             <%=link_to 'Signup', signup_path, class: 'item' %>
    17:          <!-- <%#end %>-->
    18:         </div>
  
app/views/layouts/_navigation.html.erb:15
app/views/layouts/application.html.erb:14
Started GET "/" for ::1 at 2024-11-27 16:52:47 +0530
Processing by ChatroomController#index as HTML
  Rendering layout layouts/application.html.erb
  Rendering chatroom/index.html.erb within layouts/application
  Rendered chatroom/index.html.erb within layouts/application (Duration: 1.3ms | Allocations: 102)
  Rendered layouts/_navigation.html.erb (Duration: 2.4ms | Allocations: 320)
  Rendered layout layouts/application.html.erb (Duration: 65.8ms | Allocations: 7506)
Completed 200 OK in 86ms (Views: 81.1ms | ActiveRecord: 0.0ms | Allocations: 8399)


Started GET "/" for ::1 at 2024-11-27 16:54:01 +0530
Processing by ChatroomController#index as HTML
  Rendering layout layouts/application.html.erb
  Rendering chatroom/index.html.erb within layouts/application
  Rendered chatroom/index.html.erb within layouts/application (Duration: 0.1ms | Allocations: 7)
  Rendered layouts/_navigation.html.erb (Duration: 0.3ms | Allocations: 54)
  Rendered layout layouts/application.html.erb (Duration: 409.4ms | Allocations: 26689)
Completed 200 OK in 414ms (Views: 411.2ms | ActiveRecord: 0.0ms | Allocations: 26970)


Started GET "/" for ::1 at 2024-11-27 17:00:11 +0530
Processing by ChatroomController#index as HTML
  Rendering layout layouts/application.html.erb
  Rendering chatroom/index.html.erb within layouts/application
  Rendered chatroom/index.html.erb within layouts/application (Duration: 2.8ms | Allocations: 325)
  Rendered layouts/_navigation.html.erb (Duration: 1.2ms | Allocations: 410)
  Rendered layout layouts/application.html.erb (Duration: 360.5ms | Allocations: 69184)
Completed 200 OK in 400ms (Views: 371.7ms | ActiveRecord: 0.0ms | Allocations: 73719)


Started GET "/" for 127.0.0.1 at 2024-11-27 17:00:32 +0530
Processing by ChatroomController#index as HTML
  Rendering layout layouts/application.html.erb
  Rendering chatroom/index.html.erb within layouts/application
  Rendered chatroom/index.html.erb within layouts/application (Duration: 2.8ms | Allocations: 325)
  Rendered layouts/_navigation.html.erb (Duration: 1.9ms | Allocations: 410)
  Rendered layout layouts/application.html.erb (Duration: 341.2ms | Allocations: 70241)
Completed 200 OK in 377ms (Views: 351.8ms | ActiveRecord: 0.0ms | Allocations: 74776)


Started GET "/" for 127.0.0.1 at 2024-11-27 17:01:16 +0530
Processing by ChatroomController#index as HTML
  Rendering layout layouts/application.html.erb
  Rendering chatroom/index.html.erb within layouts/application
  Rendered chatroom/index.html.erb within layouts/application (Duration: 2.1ms | Allocations: 325)
  Rendered layouts/_navigation.html.erb (Duration: 0.9ms | Allocations: 410)
  Rendered layout layouts/application.html.erb (Duration: 315.0ms | Allocations: 70956)
Completed 200 OK in 345ms (Views: 324.7ms | ActiveRecord: 0.0ms | Allocations: 75491)


Started GET "/" for ::1 at 2024-11-27 17:31:33 +0530
Processing by ChatroomController#index as HTML
  Rendering layout layouts/application.html.erb
  Rendering chatroom/index.html.erb within layouts/application
  Rendered chatroom/index.html.erb within layouts/application (Duration: 0.1ms | Allocations: 7)
  Rendered layouts/_navigation.html.erb (Duration: 0.3ms | Allocations: 54)
  Rendered layout layouts/application.html.erb (Duration: 86.9ms | Allocations: 6780)
Completed 200 OK in 94ms (Views: 88.7ms | ActiveRecord: 0.0ms | Allocations: 7060)


Started GET "/" for ::1 at 2024-11-27 17:31:37 +0530
Processing by ChatroomController#index as HTML
  Rendering layout layouts/application.html.erb
  Rendering chatroom/index.html.erb within layouts/application
  Rendered chatroom/index.html.erb within layouts/application (Duration: 0.1ms | Allocations: 7)
  Rendered layouts/_navigation.html.erb (Duration: 0.3ms | Allocations: 54)
  Rendered layout layouts/application.html.erb (Duration: 55.4ms | Allocations: 6772)
Completed 200 OK in 61ms (Views: 56.6ms | ActiveRecord: 0.0ms | Allocations: 7051)


Started GET "/" for ::1 at 2024-11-27 17:31:52 +0530
Processing by ChatroomController#index as HTML
  Rendering layout layouts/application.html.erb
  Rendering chatroom/index.html.erb within layouts/application
  Rendered chatroom/index.html.erb within layouts/application (Duration: 5.2ms | Allocations: 325)
  Rendered layouts/_navigation.html.erb (Duration: 2.2ms | Allocations: 410)
  Rendered layout layouts/application.html.erb (Duration: 423.1ms | Allocations: 56871)
Completed 200 OK in 504ms (Views: 447.1ms | ActiveRecord: 0.0ms | Allocations: 61406)


Started GET "/" for ::1 at 2024-11-27 17:32:36 +0530
Processing by ChatroomController#index as HTML
  Rendering layout layouts/application.html.erb
  Rendering chatroom/index.html.erb within layouts/application
  Rendered chatroom/index.html.erb within layouts/application (Duration: 2.3ms | Allocations: 325)
  Rendered layouts/_navigation.html.erb (Duration: 0.9ms | Allocations: 410)
  Rendered layout layouts/application.html.erb (Duration: 311.9ms | Allocations: 71321)
Completed 200 OK in 344ms (Views: 322.0ms | ActiveRecord: 0.0ms | Allocations: 75856)


Started GET "/" for ::1 at 2024-11-27 17:32:50 +0530
Processing by ChatroomController#index as HTML
  Rendering layout layouts/application.html.erb
  Rendering chatroom/index.html.erb within layouts/application
  Rendered chatroom/index.html.erb within layouts/application (Duration: 0.0ms | Allocations: 7)
  Rendered layouts/_navigation.html.erb (Duration: 0.2ms | Allocations: 54)
  Rendered layout layouts/application.html.erb (Duration: 84.7ms | Allocations: 6793)
Completed 200 OK in 91ms (Views: 87.5ms | ActiveRecord: 0.0ms | Allocations: 7073)


Started GET "/" for ::1 at 2024-11-27 17:32:50 +0530
Processing by ChatroomController#index as HTML
  Rendering layout layouts/application.html.erb
  Rendering chatroom/index.html.erb within layouts/application
  Rendered chatroom/index.html.erb within layouts/application (Duration: 0.1ms | Allocations: 7)
  Rendered layouts/_navigation.html.erb (Duration: 0.2ms | Allocations: 54)
  Rendered layout layouts/application.html.erb (Duration: 54.7ms | Allocations: 6780)
Completed 200 OK in 60ms (Views: 57.7ms | ActiveRecord: 0.0ms | Allocations: 7059)


Started GET "/" for ::1 at 2024-11-27 17:34:09 +0530
Processing by ChatroomController#index as HTML
  Rendering layout layouts/application.html.erb
  Rendering chatroom/index.html.erb within layouts/application
  Rendered chatroom/index.html.erb within layouts/application (Duration: 3.0ms | Allocations: 325)
  Rendered layouts/_navigation.html.erb (Duration: 0.9ms | Allocations: 410)
  Rendered layout layouts/application.html.erb (Duration: 345.0ms | Allocations: 71357)
Completed 200 OK in 391ms (Views: 356.7ms | ActiveRecord: 0.0ms | Allocations: 75893)


Started GET "/" for ::1 at 2024-11-27 17:36:47 +0530
Processing by ChatroomController#index as HTML
  Rendering layout layouts/application.html.erb
  Rendering chatroom/index.html.erb within layouts/application
  Rendered chatroom/index.html.erb within layouts/application (Duration: 5.5ms | Allocations: 325)
  Rendered layouts/_navigation.html.erb (Duration: 2.3ms | Allocations: 410)
  Rendered layout layouts/application.html.erb (Duration: 854.9ms | Allocations: 71331)
Completed 200 OK in 939ms (Views: 878.2ms | ActiveRecord: 0.0ms | Allocations: 75866)


Started GET "/" for ::1 at 2024-11-27 17:37:02 +0530
Processing by ChatroomController#index as HTML
  Rendering layout layouts/application.html.erb
  Rendering chatroom/index.html.erb within layouts/application
  Rendered chatroom/index.html.erb within layouts/application (Duration: 0.1ms | Allocations: 7)
  Rendered layouts/_navigation.html.erb (Duration: 0.3ms | Allocations: 54)
  Rendered layout layouts/application.html.erb (Duration: 85.0ms | Allocations: 6332)
Completed 200 OK in 91ms (Views: 86.8ms | ActiveRecord: 0.0ms | Allocations: 6612)


Started GET "/" for ::1 at 2024-11-27 17:38:55 +0530
Processing by ChatroomController#index as HTML
  Rendering layout layouts/application.html.erb
  Rendering chatroom/index.html.erb within layouts/application
  Rendered chatroom/index.html.erb within layouts/application (Duration: 2.7ms | Allocations: 325)
  Rendered layouts/_navigation.html.erb (Duration: 4.9ms | Allocations: 1856)
  Rendered layout layouts/application.html.erb (Duration: 221.7ms | Allocations: 58346)
Completed 500 Internal Server Error in 261ms (ActiveRecord: 0.0ms | Allocations: 62834)


  
ActionView::Template::Error (undefined local variable or method `hello' for an instance of #<Class:0x000002781c884bb8>):
     8:       <div class="ui dropdown item">
     9:         Account <i class="dropdown icon"></i>
    10:         <div class="menu">
    11:           <%=hello %>
    12:          <!-- <%# if logged_in? %>-->
    13:           <!--  <%#=link_to 'Logout', logout_path, class: 'item', method: :delete%>-->
    14:         <!--  <%#end %>-->
  
app/views/layouts/_navigation.html.erb:11
app/views/layouts/application.html.erb:14
Started GET "/" for ::1 at 2024-11-27 17:39:10 +0530
Processing by ChatroomController#index as HTML
  Rendering layout layouts/application.html.erb
  Rendering chatroom/index.html.erb within layouts/application
  Rendered chatroom/index.html.erb within layouts/application (Duration: 1.4ms | Allocations: 102)
  Rendered layouts/_navigation.html.erb (Duration: 2.0ms | Allocations: 322)
  Rendered layout layouts/application.html.erb (Duration: 58.9ms | Allocations: 7507)
Completed 200 OK in 78ms (Views: 71.5ms | ActiveRecord: 0.0ms | Allocations: 8399)


Started GET "/" for ::1 at 2024-11-27 17:40:00 +0530
Processing by ChatroomController#index as HTML
  Rendering layout layouts/application.html.erb
  Rendering chatroom/index.html.erb within layouts/application
  Rendered chatroom/index.html.erb within layouts/application (Duration: 2.1ms | Allocations: 325)
  Rendered layouts/_navigation.html.erb (Duration: 1.2ms | Allocations: 412)
  Rendered layout layouts/application.html.erb (Duration: 173.5ms | Allocations: 56945)
Completed 200 OK in 203ms (Views: 182.1ms | ActiveRecord: 0.0ms | Allocations: 61480)


Started GET "/" for ::1 at 2024-11-27 17:40:20 +0530
Processing by ChatroomController#index as HTML
  Rendering layout layouts/application.html.erb
  Rendering chatroom/index.html.erb within layouts/application
  Rendered chatroom/index.html.erb within layouts/application (Duration: 1.3ms | Allocations: 105)
  Rendered layouts/_navigation.html.erb (Duration: 7.8ms | Allocations: 1802)
  Rendered layout layouts/application.html.erb (Duration: 66.6ms | Allocations: 9101)
Completed 500 Internal Server Error in 88ms (ActiveRecord: 0.0ms | Allocations: 9955)


  
ActionView::Template::Error (undefined local variable or method `login_path' for an instance of #<Class:0x000001641b15b370>):
     8:       <div class="ui dropdown item">
     9:         Account <i class="dropdown icon"></i>
    10:         <div class="menu">
    11:           <%= link_to 'Login', login_path, class: 'item' %>
    12:           <%= link_to 'Signup', signup_path, class: 'item' %>
    13:          <!-- <%# if logged_in? %>-->
    14:           <!--  <%#=link_to 'Logout', logout_path, class: 'item', method: :delete%>-->
  
app/views/layouts/_navigation.html.erb:11
app/views/layouts/application.html.erb:14
Started GET "/" for ::1 at 2024-11-27 17:40:38 +0530
Processing by ChatroomController#index as HTML
  Rendering layout layouts/application.html.erb
  Rendering chatroom/index.html.erb within layouts/application
  Rendered chatroom/index.html.erb within layouts/application (Duration: 1.2ms | Allocations: 102)
  Rendered layouts/_navigation.html.erb (Duration: 2.1ms | Allocations: 431)
  Rendered layout layouts/application.html.erb (Duration: 57.5ms | Allocations: 7613)
Completed 200 OK in 76ms (Views: 69.5ms | ActiveRecord: 0.0ms | Allocations: 8458)


Started GET "/" for ::1 at 2024-11-27 17:40:51 +0530
Processing by ChatroomController#index as HTML
  Rendering layout layouts/application.html.erb
  Rendering chatroom/index.html.erb within layouts/application
  Rendered chatroom/index.html.erb within layouts/application (Duration: 2.8ms | Allocations: 325)
  Rendered layouts/_navigation.html.erb (Duration: 0.9ms | Allocations: 526)
  Rendered layout layouts/application.html.erb (Duration: 185.2ms | Allocations: 57044)
Completed 200 OK in 222ms (Views: 198.1ms | ActiveRecord: 0.0ms | Allocations: 61579)


Started GET "/" for ::1 at 2024-11-27 17:42:10 +0530
Processing by ChatroomController#index as HTML
  Rendering layout layouts/application.html.erb
  Rendering chatroom/index.html.erb within layouts/application
  Rendered chatroom/index.html.erb within layouts/application (Duration: 2.1ms | Allocations: 325)
  Rendered layouts/_navigation.html.erb (Duration: 1.0ms | Allocations: 526)
  Rendered layout layouts/application.html.erb (Duration: 318.2ms | Allocations: 71600)
Completed 200 OK in 356ms (Views: 330.2ms | ActiveRecord: 0.0ms | Allocations: 76135)


Started GET "/" for ::1 at 2024-11-27 17:45:11 +0530
Processing by ChatroomController#index as HTML
  Rendering layout layouts/application.html.erb
  Rendering chatroom/index.html.erb within layouts/application
  Rendered chatroom/index.html.erb within layouts/application (Duration: 3.5ms | Allocations: 325)
  Rendered layouts/_navigation.html.erb (Duration: 1.2ms | Allocations: 526)
  Rendered layout layouts/application.html.erb (Duration: 352.3ms | Allocations: 71537)
Completed 200 OK in 382ms (Views: 360.2ms | ActiveRecord: 0.0ms | Allocations: 76072)


Started GET "/" for ::1 at 2024-11-27 17:51:14 +0530
Processing by ChatroomController#index as HTML
  Rendering layout layouts/application.html.erb
  Rendering chatroom/index.html.erb within layouts/application
  Rendered chatroom/index.html.erb within layouts/application (Duration: 4.9ms | Allocations: 325)
  Rendered layouts/_navigation.html.erb (Duration: 2.5ms | Allocations: 522)
  Rendered layout layouts/application.html.erb (Duration: 30.2ms | Allocations: 4318)
Completed 200 OK in 117ms (Views: 54.5ms | ActiveRecord: 0.0ms | Allocations: 8853)


Started GET "/" for ::1 at 2024-11-27 17:52:52 +0530
Processing by ChatroomController#index as HTML
  Rendering layout layouts/application.html.erb
  Rendering chatroom/index.html.erb within layouts/application
  Rendered chatroom/index.html.erb within layouts/application (Duration: 0.1ms | Allocations: 7)
  Rendered layouts/_navigation.html.erb (Duration: 0.3ms | Allocations: 126)
  Rendered layout layouts/application.html.erb (Duration: 5.6ms | Allocations: 1328)
Completed 200 OK in 13ms (Views: 7.6ms | ActiveRecord: 0.0ms | Allocations: 1608)


Started GET "/" for ::1 at 2024-11-27 17:56:50 +0530
Processing by ChatroomController#index as HTML
  Rendering layout layouts/application.html.erb
  Rendering chatroom/index.html.erb within layouts/application
  Rendered chatroom/index.html.erb within layouts/application (Duration: 2.5ms | Allocations: 325)
  Rendered layouts/_navigation.html.erb (Duration: 1.2ms | Allocations: 521)
  Rendered layout layouts/application.html.erb (Duration: 13.2ms | Allocations: 4322)
Completed 200 OK in 46ms (Views: 25.4ms | ActiveRecord: 0.0ms | Allocations: 8864)


Started GET "/" for ::1 at 2024-11-28 10:08:47 +0530
Processing by ChatroomController#index as HTML
  Rendering layout layouts/application.html.erb
  Rendering chatroom/index.html.erb within layouts/application
  Rendered chatroom/index.html.erb within layouts/application (Duration: 10.3ms | Allocations: 102)
  Rendered layouts/_navigation.html.erb (Duration: 33.8ms | Allocations: 431)
  Rendered layout layouts/application.html.erb (Duration: 317.9ms | Allocations: 10843)
Completed 500 Internal Server Error in 340ms (ActiveRecord: 0.0ms | Allocations: 11692)


  
ActionView::Template::Error (Missing partial layouts/_messages with {:locale=>[:en], :formats=>[:html], :variants=>[], :handlers=>[:raw, :erb, :html, :builder, :ruby, :jbuilder]}.

Searched in:
  * "D:/Paritosh/ruby/chatting-app-6/app/views"
  * "C:/Ruby33-x64/lib/ruby/gems/3.3.0/gems/turbo-rails-2.0.11/app/views"
  * "C:/Ruby33-x64/lib/ruby/gems/3.3.0/gems/semantic-ui-sass-2.4.4.0/app/views"
  * "C:/Ruby33-x64/lib/ruby/gems/3.3.0/gems/actiontext-7.0.8.6/app/views"
  * "C:/Ruby33-x64/lib/ruby/gems/3.3.0/gems/actionmailbox-7.0.8.6/app/views"
):
    13:   <body>
    14:   <%= render 'layouts/navigation'%>
    15:   <div class="ui container">
    16:     <%= render 'layouts/messages'%>
    17:     <%= yield %>
    18:   </div>
    19:   </body>
  
app/views/layouts/application.html.erb:16
Started GET "/" for ::1 at 2024-11-28 10:09:10 +0530
Processing by ChatroomController#index as HTML
  Rendering layout layouts/application.html.erb
  Rendering chatroom/index.html.erb within layouts/application
  Rendered chatroom/index.html.erb within layouts/application (Duration: 1.6ms | Allocations: 102)
  Rendered layouts/_navigation.html.erb (Duration: 2.4ms | Allocations: 431)
  Rendered layout layouts/application.html.erb (Duration: 12.3ms | Allocations: 2096)
Completed 200 OK in 30ms (Views: 24.6ms | ActiveRecord: 0.0ms | Allocations: 2941)


Started GET "/" for ::1 at 2024-11-28 10:11:32 +0530
Processing by ChatroomController#index as HTML
  Rendering layout layouts/application.html.erb
  Rendering chatroom/index.html.erb within layouts/application
  Rendered chatroom/index.html.erb within layouts/application (Duration: 0.0ms | Allocations: 10)
  Rendered layouts/_navigation.html.erb (Duration: 0.4ms | Allocations: 151)
  Rendered layout layouts/application.html.erb (Duration: 8.2ms | Allocations: 2868)
Completed 200 OK in 12ms (Views: 10.3ms | ActiveRecord: 0.0ms | Allocations: 3406)


Started GET "/" for ::1 at 2024-11-28 10:12:27 +0530
Processing by ChatroomController#index as HTML
  Rendering layout layouts/application.html.erb
  Rendering chatroom/index.html.erb within layouts/application
  Rendered chatroom/index.html.erb within layouts/application (Duration: 0.9ms | Allocations: 107)
  Rendered layouts/_navigation.html.erb (Duration: 1.8ms | Allocations: 436)
  Rendered layout layouts/application.html.erb (Duration: 1986.3ms | Allocations: 56268)
Completed 200 OK in 2001ms (Views: 1998.3ms | ActiveRecord: 0.0ms | Allocations: 57112)


  [1m[35m (241.9ms)[0m  [1m[35mCREATE DATABASE "chatting_app_6_development" ENCODING = 'unicode'[0m
  [1m[35m (8.3ms)[0m  [1m[35mCREATE DATABASE "chatting_app_6_development" ENCODING = 'unicode'[0m
  [1m[35m (0.9ms)[0m  [1m[35mCREATE DATABASE "chatting_app_6_development" ENCODING = 'unicode'[0m
  [1m[35m (0.8ms)[0m  [1m[35mCREATE DATABASE "chatting_app_6_development" ENCODING = 'unicode'[0m
  [1m[35m (0.8ms)[0m  [1m[35mCREATE DATABASE "chatting_app_6_development" ENCODING = 'unicode'[0m
  [1m[35m (233.8ms)[0m  [1m[35mCREATE DATABASE "chatting_app_6_dev" ENCODING = 'unicode'[0m
  [1m[35m (15.2ms)[0m  [1m[35mCREATE TABLE "schema_migrations" ("version" character varying NOT NULL PRIMARY KEY)[0m
  [1m[35m (3.7ms)[0m  [1m[35mCREATE TABLE "ar_internal_metadata" ("key" character varying NOT NULL PRIMARY KEY, "value" character varying, "created_at" timestamp(6) NOT NULL, "updated_at" timestamp(6) NOT NULL)[0m
  [1m[35m (0.2ms)[0m  [1m[34mSELECT pg_try_advisory_lock(7005672458827020825)[0m
  [1m[36mActiveRecord::SchemaMigration Pluck (0.9ms)[0m  [1m[34mSELECT "schema_migrations"."version" FROM "schema_migrations" ORDER BY "schema_migrations"."version" ASC[0m
  [1m[36mActiveRecord::InternalMetadata Load (1.2ms)[0m  [1m[34mSELECT "ar_internal_metadata".* FROM "ar_internal_metadata" WHERE "ar_internal_metadata"."key" = $1 LIMIT $2[0m  [["key", "environment"], ["LIMIT", 1]]
  [1m[36mTRANSACTION (0.5ms)[0m  [1m[35mBEGIN[0m
  [1m[36mActiveRecord::InternalMetadata Create (3.5ms)[0m  [1m[32mINSERT INTO "ar_internal_metadata" ("key", "value", "created_at", "updated_at") VALUES ($1, $2, $3, $4) RETURNING "key"[0m  [["key", "environment"], ["value", "development"], ["created_at", "2024-11-28 05:46:04.884354"], ["updated_at", "2024-11-28 05:46:04.884354"]]
  [1m[36mTRANSACTION (0.3ms)[0m  [1m[35mCOMMIT[0m
  [1m[35m (0.2ms)[0m  [1m[34mSELECT pg_advisory_unlock(7005672458827020825)[0m
  [1m[36mActiveRecord::SchemaMigration Pluck (1.1ms)[0m  [1m[34mSELECT "schema_migrations"."version" FROM "schema_migrations" ORDER BY "schema_migrations"."version" ASC[0m
Started GET "/" for ::1 at 2024-11-28 11:47:35 +0530
  [1m[36mActiveRecord::SchemaMigration Pluck (1.3ms)[0m  [1m[34mSELECT "schema_migrations"."version" FROM "schema_migrations" ORDER BY "schema_migrations"."version" ASC[0m
Processing by ChatroomController#index as HTML
  Rendering layout layouts/application.html.erb
  Rendering chatroom/index.html.erb within layouts/application
  Rendered chatroom/index.html.erb within layouts/application (Duration: 30.7ms | Allocations: 326)
  Rendered layouts/_navigation.html.erb (Duration: 2.3ms | Allocations: 520)
  Rendered layout layouts/application.html.erb (Duration: 345.9ms | Allocations: 37499)
Completed 200 OK in 633ms (Views: 388.7ms | ActiveRecord: 0.0ms | Allocations: 42030)


Started GET "/" for ::1 at 2024-11-28 12:05:21 +0530
  [1m[36mActiveRecord::SchemaMigration Pluck (1.2ms)[0m  [1m[34mSELECT "schema_migrations"."version" FROM "schema_migrations" ORDER BY "schema_migrations"."version" ASC[0m
Processing by ChatroomController#index as HTML
  Rendering layout layouts/application.html.erb
  Rendering chatroom/index.html.erb within layouts/application
  Rendered chatroom/index.html.erb within layouts/application (Duration: 24.9ms | Allocations: 326)
  Rendered layouts/_navigation.html.erb (Duration: 37.0ms | Allocations: 520)
  Rendered layout layouts/application.html.erb (Duration: 1643.0ms | Allocations: 37037)
Completed 200 OK in 1892ms (Views: 1694.1ms | ActiveRecord: 0.0ms | Allocations: 41570)


